<?xml version="1.0" encoding="UTF-8"?>
<robot generator="Robot 7.4.1 (Python 3.14.0 on darwin)" generated="2026-02-18T13:37:09.358531" rpa="false" schemaversion="5">
<suite id="s1" name="System Log Test" source="/Users/thanawatueasiripracha/Desktop/project/painamnae_current/test/API Test/system_log_test">
<suite id="s1-s1" name="System Log Test" source="/Users/thanawatueasiripracha/Desktop/project/painamnae_current/test/API Test/system_log_test/system_log_test.robot">
<kw name="Connect To Database" owner="DatabaseLibrary" type="SETUP">
<msg time="2026-02-18T13:37:09.466281" level="INFO">Looking for configuration file: 'resources/db.cfg'</msg>
<msg time="2026-02-18T13:37:09.466306" level="INFO">Configuration file doesn't exist</msg>
<msg time="2026-02-18T13:37:09.477126" level="INFO">Connect to DB using : psycopg2.connect(database='railway', user='postgres', password=***, host='switchback.proxy.rlwy.net', port=54228)</msg>
<arg>psycopg2</arg>
<arg>railway</arg>
<arg>postgres</arg>
<arg>NIGIxsqZVieNawPDWuUHbpQlsHvnovuN</arg>
<arg>switchback.proxy.rlwy.net</arg>
<arg>54228</arg>
<doc>Creates a database connection using the DB API 2.0 ``db_module`` and the parameters provided.
Along with listed commonly used arguments (`db_name`, `db_host` etc.)
you can set any other DB module specific parameters as key/value pairs.</doc>
<status status="PASS" start="2026-02-18T13:37:09.466146" elapsed="2.037266"/>
</kw>
<test id="s1-s1-t1" name="1. Verify SystemLog INFO Created After Successful Login" line="25">
<kw name="Create Session" owner="RequestsLibrary">
<msg time="2026-02-18T13:37:11.505797" level="INFO">Creating Session using : alias=api_session, url=https://deploy-production-88fa.up.railway.app/api, headers={},                     cookies={}, auth=None, timeout=None, proxies=None, verify=False,                     debug=0 </msg>
<arg>api_session</arg>
<arg>${BASE_URL}</arg>
<doc>Create Session: create a HTTP session to a server</doc>
<status status="PASS" start="2026-02-18T13:37:11.505414" elapsed="0.000792"/>
</kw>
<kw name="Create Dictionary" owner="BuiltIn">
<msg time="2026-02-18T13:37:11.507472" level="INFO">${login_payload} = {'username': 'Test123', 'password': '12345678aP'}</msg>
<var>${login_payload}</var>
<arg>username=${DRIVER_USER}</arg>
<arg>password=${COMMON_PASSWORD}</arg>
<doc>Creates and returns a dictionary based on the given ``items``.</doc>
<status status="PASS" start="2026-02-18T13:37:11.506471" elapsed="0.001033"/>
</kw>
<kw name="POST On Session" owner="RequestsLibrary">
<msg time="2026-02-18T13:37:12.318352" level="INFO">POST Request : url=https://deploy-production-88fa.up.railway.app/api/auth/login 
 path_url=/api/auth/login 
 headers={'User-Agent': 'python-requests/2.32.5', 'Accept-Encoding': 'gzip, deflate, zstd', 'Accept': '*/*', 'Connection': 'keep-alive', 'Content-Length': '49', 'Content-Type': 'application/json'} 
 body=b'{"username": "Test123", "password": "12345678aP"}' 
 </msg>
<msg time="2026-02-18T13:37:12.318487" level="INFO">POST Response : url=https://deploy-production-88fa.up.railway.app/api/auth/login 
 status=200, reason=OK 
 headers={'Access-Control-Allow-Credentials': 'true', 'Content-Length': '442', 'Content-Security-Policy': "default-src 'self';base-uri 'self';font-src 'self' https: data:;form-action 'self';frame-ancestors 'self';img-src 'self' data:;object-src 'none';script-src 'self';script-src-attr 'none';style-src 'self' https: 'unsafe-inline';upgrade-insecure-requests", 'Content-Type': 'application/json; charset=utf-8', 'Cross-Origin-Opener-Policy': 'same-origin', 'Cross-Origin-Resource-Policy': 'same-origin', 'Date': 'Wed, 18 Feb 2026 06:37:12 GMT', 'Etag': 'W/"1ba-cE+aQzefxQURUBngcwppABx9dwo"', 'Origin-Agent-Cluster': '?1', 'Referrer-Policy': 'no-referrer', 'Server': 'railway-edge', 'Set-Cookie': 'token=eyJhbGciOiJIUzI1NiIsInR5cCI6IkpXVCJ9.eyJzdWIiOiJjbWxyMXF3MmwwMGpmM21qYTJ6bHd2MWs5Iiwicm9sZSI6IkRSSVZFUiIsImlhdCI6MTc3MTM5NjYzMiwiZXhwIjoxNzcxNDAwMjMyfQ.ys-E1vmbjlC01UJksa4mIoYNIbPFo2YKsumd1Sm5S94; Max-Age=604800; Path=/; Expires=Wed, 25 Feb 2026 06:37:12 GMT; HttpOnly; SameSite=None', 'Strict-Transport-Security': 'max-age=15552000; includeSubDomains', 'Vary': 'Origin', 'X-Content-Type-Options': 'nosniff', 'X-Dns-Prefetch-Control': 'off', 'X-Download-Options': 'noopen', 'X-Frame-Options': 'SAMEORIGIN', 'X-Permitted-Cross-Domain-Policies': 'none', 'X-Railway-Edge': 'railway/asia-southeast1-eqsg3a', 'X-Railway-Request-Id': 'EEBff129Qr-ysd2dAQeqjw', 'X-Request-Id': '99b19d1f-e004-4f9a-bed7-0aa5638e2db0', 'X-Xss-Protection': '0'} 
 body={"success":true,"message":"Login successful","data":{"token":"eyJhbGciOiJIUzI1NiIsInR5cCI6IkpXVCJ9.eyJzdWIiOiJjbWxyMXF3MmwwMGpmM21qYTJ6bHd2MWs5Iiwicm9sZSI6IkRSSVZFUiIsImlhdCI6MTc3MTM5NjYzMiwiZXhwIjoxNzcxNDAwMjMyfQ.ys-E1vmbjlC01UJksa4mIoYNIbPFo2YKsumd1Sm5S94","user":{"id":"cmlr1qw2l00jf3mja2zlwv1k9","firstName":"Test123","lastName":"Test123","profilePicture":null,"role":"DRIVER","passengerSuspendedUntil":null,"driverSuspendedUntil":null}}} 
 </msg>
<msg time="2026-02-18T13:37:12.318566" level="INFO">/Users/thanawatueasiripracha/Desktop/project/.venv/lib/python3.14/site-packages/urllib3/connectionpool.py:1097: InsecureRequestWarning: Unverified HTTPS request is being made to host 'deploy-production-88fa.up.railway.app'. Adding certificate verification is strongly advised. See: https://urllib3.readthedocs.io/en/latest/advanced-usage.html#tls-warnings
  warnings.warn(</msg>
<msg time="2026-02-18T13:37:12.318744" level="INFO">${resp} = &lt;Response [200]&gt;</msg>
<var>${resp}</var>
<arg>api_session</arg>
<arg>url=/auth/login</arg>
<arg>json=${login_payload}</arg>
<doc>Sends a POST request on a previously created HTTP Session.</doc>
<status status="PASS" start="2026-02-18T13:37:11.507682" elapsed="0.811087"/>
</kw>
<kw name="Should Be Equal As Integers" owner="BuiltIn">
<msg time="2026-02-18T13:37:12.319646" level="INFO">Argument types are:
&lt;class 'int'&gt;
&lt;class 'str'&gt;</msg>
<arg>${resp.status_code}</arg>
<arg>200</arg>
<doc>Fails if objects are unequal after converting them to integers.</doc>
<status status="PASS" start="2026-02-18T13:37:12.318976" elapsed="0.000727"/>
</kw>
<kw name="Get Latest System Log For Login">
<kw name="Get Latest System Log For Path">
<kw name="Query" owner="DatabaseLibrary">
<msg time="2026-02-18T13:37:12.320752" level="INFO" html="true">Executing sql:&lt;br&gt;&lt;code style="font-weight: bold;"&gt;SELECT "level","method","path","statusCode","duration","userId","ipAddress","userAgent" FROM "SystemLog" WHERE "method"='POST' AND "path"='/api/auth/login' ORDER BY "createdAt" DESC LIMIT 1;&lt;/code&gt;</msg>
<msg time="2026-02-18T13:37:12.874130" level="INFO">Commit the transaction</msg>
<msg time="2026-02-18T13:37:13.153106" level="INFO" html="true">&lt;div style="max-width: 100%; overflow-x: auto; max-height: 500px; overflow-y: auto;"&gt;&lt;table style="width: auto; border-collapse: collapse; border: 2px solid rgb(140 140 140)"&gt;&lt;caption style="text-align: left; font-weight: bold; padding: 5px;"&gt;Query returned 1 rows&lt;/caption&gt;&lt;tr&gt;&lt;th scope="col" style="position: sticky; top: 0; color:black; background-color: #d6ecd4; border: 1px solid rgb(160 160 160);padding: 8px 10px;text-align: center;"&gt;Row&lt;/th&gt;&lt;th scope="col" style="position: sticky; top: 0; background-color: #505050; color: #fff;border: 1px solid rgb(160 160 160);padding: 8px 10px;text-align: center;"&gt;level&lt;/th&gt;&lt;th scope="col" style="position: sticky; top: 0; background-color: #505050; color: #fff;border: 1px solid rgb(160 160 160);padding: 8px 10px;text-align: center;"&gt;method&lt;/th&gt;&lt;th scope="col" style="position: sticky; top: 0; background-color: #505050; color: #fff;border: 1px solid rgb(160 160 160);padding: 8px 10px;text-align: center;"&gt;path&lt;/th&gt;&lt;th scope="col" style="position: sticky; top: 0; background-color: #505050; color: #fff;border: 1px solid rgb(160 160 160);padding: 8px 10px;text-align: center;"&gt;statusCode&lt;/th&gt;&lt;th scope="col" style="position: sticky; top: 0; background-color: #505050; color: #fff;border: 1px solid rgb(160 160 160);padding: 8px 10px;text-align: center;"&gt;duration&lt;/th&gt;&lt;th scope="col" style="position: sticky; top: 0; background-color: #505050; color: #fff;border: 1px solid rgb(160 160 160);padding: 8px 10px;text-align: center;"&gt;userId&lt;/th&gt;&lt;th scope="col" style="position: sticky; top: 0; background-color: #505050; color: #fff;border: 1px solid rgb(160 160 160);padding: 8px 10px;text-align: center;"&gt;ipAddress&lt;/th&gt;&lt;th scope="col" style="position: sticky; top: 0; background-color: #505050; color: #fff;border: 1px solid rgb(160 160 160);padding: 8px 10px;text-align: center;"&gt;userAgent&lt;/th&gt;&lt;/tr&gt;&lt;tr style="background-color: var(--secondary-color, #eee)"&gt;&lt;th scope="row" style="color:black; background-color: #d6ecd4;border: 1px solid rgb(160 160 160);padding: 8px 10px;text-align: center;"&gt;0&lt;/th&gt;&lt;td style="border: 1px solid rgb(160 160 160);padding: 8px 10px;text-align: center;"&gt;INFO&lt;/td&gt;&lt;td style="border: 1px solid rgb(160 160 160);padding: 8px 10px;text-align: center;"&gt;POST&lt;/td&gt;&lt;td style="border: 1px solid rgb(160 160 160);padding: 8px 10px;text-align: center;"&gt;/api/auth/login&lt;/td&gt;&lt;td style="border: 1px solid rgb(160 160 160);padding: 8px 10px;text-align: center;"&gt;200&lt;/td&gt;&lt;td style="border: 1px solid rgb(160 160 160);padding: 8px 10px;text-align: center;"&gt;74&lt;/td&gt;&lt;td style="border: 1px solid rgb(160 160 160);padding: 8px 10px;text-align: center;"&gt;None&lt;/td&gt;&lt;td style="border: 1px solid rgb(160 160 160);padding: 8px 10px;text-align: center;"&gt;::ffff:100.64.0.3&lt;/td&gt;&lt;td style="border: 1px solid rgb(160 160 160);padding: 8px 10px;text-align: center;"&gt;python-requests/2.32.5&lt;/td&gt;&lt;/tr&gt;&lt;/table&gt;&lt;/div&gt;</msg>
<msg time="2026-02-18T13:37:13.153568" level="INFO">@{rows} = [ ('INFO', 'POST', '/api/auth/login', 200, 74, None, '::ffff:100.64.0.3', 'python-requests/2.32.5') ]</msg>
<var>@{rows}</var>
<arg>SELECT "level","method","path","statusCode","duration","userId","ipAddress","userAgent" FROM "SystemLog" WHERE "method"='${method}' AND "path"='${path}' ORDER BY "createdAt" DESC LIMIT 1;</arg>
<doc>Runs a query with the ``select_statement`` and returns the result as list of rows.
The type of row values depends on the database module -
usually they are tuples or tuple-like objects.</doc>
<status status="PASS" start="2026-02-18T13:37:12.320544" elapsed="0.833049"/>
</kw>
<kw name="Get Length" owner="BuiltIn">
<msg time="2026-02-18T13:37:13.154849" level="INFO">Length is 1.</msg>
<msg time="2026-02-18T13:37:13.154953" level="INFO">${count} = 1</msg>
<var>${count}</var>
<arg>${rows}</arg>
<doc>Returns and logs the length of the given item as an integer.</doc>
<status status="PASS" start="2026-02-18T13:37:13.153879" elapsed="0.001094"/>
</kw>
<kw name="Run Keyword If" owner="BuiltIn">
<arg>${count} == 0</arg>
<arg>Return From Keyword</arg>
<arg>${None}</arg>
<doc>Runs the given keyword with the given arguments, if ``condition`` is true.</doc>
<status status="PASS" start="2026-02-18T13:37:13.155171" elapsed="0.000595"/>
</kw>
<kw name="Return From Keyword" owner="BuiltIn">
<msg time="2026-02-18T13:37:13.156098" level="INFO">Returning from the enclosing user keyword.</msg>
<arg>${rows[0]}</arg>
<doc>Returns from the enclosing user keyword.</doc>
<status status="PASS" start="2026-02-18T13:37:13.155900" elapsed="0.000324"/>
</kw>
<msg time="2026-02-18T13:37:13.156848" level="INFO">${row} = ('INFO', 'POST', '/api/auth/login', 200, 74, None, '::ffff:100.64.0.3', 'python-requests/2.32.5')</msg>
<var>${row}</var>
<arg>POST</arg>
<arg>/api/auth/login</arg>
<status status="PASS" start="2026-02-18T13:37:12.320328" elapsed="0.836548"/>
</kw>
<kw name="Run Keyword If" owner="BuiltIn">
<arg>${row} is None</arg>
<arg>${row}=</arg>
<arg>Get Latest System Log For Path</arg>
<arg>POST</arg>
<arg>/auth/login</arg>
<doc>Runs the given keyword with the given arguments, if ``condition`` is true.</doc>
<status status="PASS" start="2026-02-18T13:37:13.157003" elapsed="0.000479"/>
</kw>
<kw name="Run Keyword If" owner="BuiltIn">
<arg>${row} is None</arg>
<arg>Fail</arg>
<arg>SystemLog not found for login path</arg>
<doc>Runs the given keyword with the given arguments, if ``condition`` is true.</doc>
<status status="PASS" start="2026-02-18T13:37:13.157598" elapsed="0.000278"/>
</kw>
<kw name="Return From Keyword" owner="BuiltIn">
<msg time="2026-02-18T13:37:13.158096" level="INFO">Returning from the enclosing user keyword.</msg>
<arg>${row}</arg>
<doc>Returns from the enclosing user keyword.</doc>
<status status="PASS" start="2026-02-18T13:37:13.157965" elapsed="0.000187"/>
</kw>
<msg time="2026-02-18T13:37:13.158264" level="INFO">${log} = ('INFO', 'POST', '/api/auth/login', 200, 74, None, '::ffff:100.64.0.3', 'python-requests/2.32.5')</msg>
<var>${log}</var>
<status status="PASS" start="2026-02-18T13:37:12.320027" elapsed="0.838256"/>
</kw>
<kw name="Should Be Equal As Strings" owner="BuiltIn">
<arg>${log[0]}</arg>
<arg>INFO</arg>
<doc>Fails if objects are unequal after converting them to strings.</doc>
<status status="PASS" start="2026-02-18T13:37:13.158440" elapsed="0.000518"/>
</kw>
<kw name="Should Be Equal As Strings" owner="BuiltIn">
<arg>${log[1]}</arg>
<arg>POST</arg>
<doc>Fails if objects are unequal after converting them to strings.</doc>
<status status="PASS" start="2026-02-18T13:37:13.159068" elapsed="0.000415"/>
</kw>
<kw name="Should Be Equal As Integers" owner="BuiltIn">
<msg time="2026-02-18T13:37:13.159965" level="INFO">Argument types are:
&lt;class 'int'&gt;
&lt;class 'str'&gt;</msg>
<arg>${log[3]}</arg>
<arg>200</arg>
<doc>Fails if objects are unequal after converting them to integers.</doc>
<status status="PASS" start="2026-02-18T13:37:13.159580" elapsed="0.000426"/>
</kw>
<kw name="Should Not Be Equal As Strings" owner="BuiltIn">
<msg time="2026-02-18T13:37:13.160547" level="INFO">Argument types are:
&lt;class 'str'&gt;
&lt;class 'NoneType'&gt;</msg>
<arg>${log[6]}</arg>
<arg>${None}</arg>
<arg>msg=ipAddress เป็นค่าว่าง</arg>
<doc>Fails if objects are equal after converting them to strings.</doc>
<status status="PASS" start="2026-02-18T13:37:13.160104" elapsed="0.000482"/>
</kw>
<kw name="Should Not Be Equal As Strings" owner="BuiltIn">
<msg time="2026-02-18T13:37:13.161126" level="INFO">Argument types are:
&lt;class 'str'&gt;
&lt;class 'NoneType'&gt;</msg>
<arg>${log[7]}</arg>
<arg>${None}</arg>
<arg>msg=userAgent เป็นค่าว่าง</arg>
<doc>Fails if objects are equal after converting them to strings.</doc>
<status status="PASS" start="2026-02-18T13:37:13.160707" elapsed="0.000457"/>
</kw>
<status status="PASS" start="2026-02-18T13:37:11.504218" elapsed="1.657083"/>
</test>
<test id="s1-s1-t2" name="2. Verify SystemLog ERROR Created After Bad Request" line="43">
<kw name="Create Session" owner="RequestsLibrary">
<msg time="2026-02-18T13:37:13.161898" level="INFO">Creating Session using : alias=api_session, url=https://deploy-production-88fa.up.railway.app/api, headers={},                     cookies={}, auth=None, timeout=None, proxies=None, verify=False,                     debug=0 </msg>
<arg>api_session</arg>
<arg>${BASE_URL}</arg>
<doc>Create Session: create a HTTP session to a server</doc>
<status status="PASS" start="2026-02-18T13:37:13.161787" elapsed="0.000256"/>
</kw>
<kw name="Create Dictionary" owner="BuiltIn">
<msg time="2026-02-18T13:37:13.162514" level="INFO">${bad_payload} = {'username': 'Test123'}</msg>
<var>${bad_payload}</var>
<arg>username=${DRIVER_USER}</arg>
<doc>Creates and returns a dictionary based on the given ``items``.</doc>
<status status="PASS" start="2026-02-18T13:37:13.162205" elapsed="0.000330"/>
</kw>
<kw name="POST On Session" owner="RequestsLibrary">
<msg time="2026-02-18T13:37:13.876372" level="INFO">POST Request : url=https://deploy-production-88fa.up.railway.app/api/auth/login 
 path_url=/api/auth/login 
 headers={'User-Agent': 'python-requests/2.32.5', 'Accept-Encoding': 'gzip, deflate, zstd', 'Accept': '*/*', 'Connection': 'keep-alive', 'Content-Length': '23', 'Content-Type': 'application/json'} 
 body=b'{"username": "Test123"}' 
 </msg>
<msg time="2026-02-18T13:37:13.876553" level="INFO">POST Response : url=https://deploy-production-88fa.up.railway.app/api/auth/login 
 status=400, reason=Bad Request 
 headers={'Access-Control-Allow-Credentials': 'true', 'Content-Length': '84', 'Content-Security-Policy': "default-src 'self';base-uri 'self';font-src 'self' https: data:;form-action 'self';frame-ancestors 'self';img-src 'self' data:;object-src 'none';script-src 'self';script-src-attr 'none';style-src 'self' https: 'unsafe-inline';upgrade-insecure-requests", 'Content-Type': 'application/json; charset=utf-8', 'Cross-Origin-Opener-Policy': 'same-origin', 'Cross-Origin-Resource-Policy': 'same-origin', 'Date': 'Wed, 18 Feb 2026 06:37:13 GMT', 'Etag': 'W/"54-as5NFDxSfwiUIpn9d536w1YQnnk"', 'Origin-Agent-Cluster': '?1', 'Referrer-Policy': 'no-referrer', 'Server': 'railway-edge', 'Strict-Transport-Security': 'max-age=15552000; includeSubDomains', 'Vary': 'Origin', 'X-Content-Type-Options': 'nosniff', 'X-Dns-Prefetch-Control': 'off', 'X-Download-Options': 'noopen', 'X-Frame-Options': 'SAMEORIGIN', 'X-Permitted-Cross-Domain-Policies': 'none', 'X-Railway-Edge': 'railway/asia-southeast1-eqsg3a', 'X-Railway-Request-Id': 'wr5n8YyKRUy6cmCIV7rehQ', 'X-Request-Id': '7cc87e3a-b266-4fed-ad4d-ffcd3f63db08', 'X-Xss-Protection': '0'} 
 body={"success":false,"message":"Validation error: body.password - Required","data":null} 
 </msg>
<msg time="2026-02-18T13:37:13.876665" level="INFO">/Users/thanawatueasiripracha/Desktop/project/.venv/lib/python3.14/site-packages/urllib3/connectionpool.py:1097: InsecureRequestWarning: Unverified HTTPS request is being made to host 'deploy-production-88fa.up.railway.app'. Adding certificate verification is strongly advised. See: https://urllib3.readthedocs.io/en/latest/advanced-usage.html#tls-warnings
  warnings.warn(</msg>
<msg time="2026-02-18T13:37:13.876950" level="INFO">${resp} = &lt;Response [400]&gt;</msg>
<var>${resp}</var>
<arg>api_session</arg>
<arg>url=/auth/login</arg>
<arg>json=${bad_payload}</arg>
<arg>expected_status=anything</arg>
<doc>Sends a POST request on a previously created HTTP Session.</doc>
<status status="PASS" start="2026-02-18T13:37:13.162647" elapsed="0.714330"/>
</kw>
<kw name="Should Be True" owner="BuiltIn">
<arg>${resp.status_code} &gt;= 400</arg>
<doc>Fails if the given condition is not true.</doc>
<status status="PASS" start="2026-02-18T13:37:13.877319" elapsed="0.001260"/>
</kw>
<kw name="Get Latest System Log By Level">
<kw name="Query" owner="DatabaseLibrary">
<msg time="2026-02-18T13:37:13.879351" level="INFO" html="true">Executing sql:&lt;br&gt;&lt;code style="font-weight: bold;"&gt;SELECT "level","method","path","statusCode","userId" FROM "SystemLog" WHERE "level"='ERROR' ORDER BY "createdAt" DESC LIMIT 1;&lt;/code&gt;</msg>
<msg time="2026-02-18T13:37:14.435945" level="INFO">Commit the transaction</msg>
<msg time="2026-02-18T13:37:14.710349" level="INFO" html="true">&lt;div style="max-width: 100%; overflow-x: auto; max-height: 500px; overflow-y: auto;"&gt;&lt;table style="width: auto; border-collapse: collapse; border: 2px solid rgb(140 140 140)"&gt;&lt;caption style="text-align: left; font-weight: bold; padding: 5px;"&gt;Query returned 1 rows&lt;/caption&gt;&lt;tr&gt;&lt;th scope="col" style="position: sticky; top: 0; color:black; background-color: #d6ecd4; border: 1px solid rgb(160 160 160);padding: 8px 10px;text-align: center;"&gt;Row&lt;/th&gt;&lt;th scope="col" style="position: sticky; top: 0; background-color: #505050; color: #fff;border: 1px solid rgb(160 160 160);padding: 8px 10px;text-align: center;"&gt;level&lt;/th&gt;&lt;th scope="col" style="position: sticky; top: 0; background-color: #505050; color: #fff;border: 1px solid rgb(160 160 160);padding: 8px 10px;text-align: center;"&gt;method&lt;/th&gt;&lt;th scope="col" style="position: sticky; top: 0; background-color: #505050; color: #fff;border: 1px solid rgb(160 160 160);padding: 8px 10px;text-align: center;"&gt;path&lt;/th&gt;&lt;th scope="col" style="position: sticky; top: 0; background-color: #505050; color: #fff;border: 1px solid rgb(160 160 160);padding: 8px 10px;text-align: center;"&gt;statusCode&lt;/th&gt;&lt;th scope="col" style="position: sticky; top: 0; background-color: #505050; color: #fff;border: 1px solid rgb(160 160 160);padding: 8px 10px;text-align: center;"&gt;userId&lt;/th&gt;&lt;/tr&gt;&lt;tr style="background-color: var(--secondary-color, #eee)"&gt;&lt;th scope="row" style="color:black; background-color: #d6ecd4;border: 1px solid rgb(160 160 160);padding: 8px 10px;text-align: center;"&gt;0&lt;/th&gt;&lt;td style="border: 1px solid rgb(160 160 160);padding: 8px 10px;text-align: center;"&gt;ERROR&lt;/td&gt;&lt;td style="border: 1px solid rgb(160 160 160);padding: 8px 10px;text-align: center;"&gt;POST&lt;/td&gt;&lt;td style="border: 1px solid rgb(160 160 160);padding: 8px 10px;text-align: center;"&gt;/api/auth/login&lt;/td&gt;&lt;td style="border: 1px solid rgb(160 160 160);padding: 8px 10px;text-align: center;"&gt;400&lt;/td&gt;&lt;td style="border: 1px solid rgb(160 160 160);padding: 8px 10px;text-align: center;"&gt;None&lt;/td&gt;&lt;/tr&gt;&lt;/table&gt;&lt;/div&gt;</msg>
<msg time="2026-02-18T13:37:14.710854" level="INFO">@{rows} = [ ('ERROR', 'POST', '/api/auth/login', 400, None) ]</msg>
<var>@{rows}</var>
<arg>SELECT "level","method","path","statusCode","userId" FROM "SystemLog" WHERE "level"='${level}' ORDER BY "createdAt" DESC LIMIT 1;</arg>
<doc>Runs a query with the ``select_statement`` and returns the result as list of rows.
The type of row values depends on the database module -
usually they are tuples or tuple-like objects.</doc>
<status status="PASS" start="2026-02-18T13:37:13.879180" elapsed="0.831725"/>
</kw>
<kw name="Should Not Be Empty" owner="BuiltIn">
<msg time="2026-02-18T13:37:14.712503" level="INFO">Length is 1.</msg>
<arg>${rows}</arg>
<arg>msg=SystemLog not found for level=${level}</arg>
<doc>Verifies that the given item is not empty.</doc>
<status status="PASS" start="2026-02-18T13:37:14.711237" elapsed="0.001348"/>
</kw>
<kw name="Return From Keyword" owner="BuiltIn">
<msg time="2026-02-18T13:37:14.713160" level="INFO">Returning from the enclosing user keyword.</msg>
<arg>${rows[0]}</arg>
<doc>Returns from the enclosing user keyword.</doc>
<status status="PASS" start="2026-02-18T13:37:14.712839" elapsed="0.000436"/>
</kw>
<msg time="2026-02-18T13:37:14.714088" level="INFO">${log} = ('ERROR', 'POST', '/api/auth/login', 400, None)</msg>
<var>${log}</var>
<arg>ERROR</arg>
<status status="PASS" start="2026-02-18T13:37:13.878897" elapsed="0.835223"/>
</kw>
<kw name="Should Be Equal As Strings" owner="BuiltIn">
<arg>${log[0]}</arg>
<arg>ERROR</arg>
<doc>Fails if objects are unequal after converting them to strings.</doc>
<status status="PASS" start="2026-02-18T13:37:14.714370" elapsed="0.000696"/>
</kw>
<status status="PASS" start="2026-02-18T13:37:13.161494" elapsed="1.553798"/>
</test>
<kw name="Disconnect From Database" owner="DatabaseLibrary" type="TEARDOWN">
<doc>Disconnects from the database.</doc>
<status status="PASS" start="2026-02-18T13:37:14.716038" elapsed="0.000513"/>
</kw>
<doc>Test Suite for System Log (DB Verification)</doc>
<status status="PASS" start="2026-02-18T13:37:09.373330" elapsed="5.343260"/>
</suite>
<status status="PASS" start="2026-02-18T13:37:09.359218" elapsed="5.358306"/>
</suite>
<statistics>
<total>
<stat pass="2" fail="0" skip="0">All Tests</stat>
</total>
<tag>
</tag>
<suite>
<stat name="System Log Test" id="s1" pass="2" fail="0" skip="0">System Log Test</stat>
<stat name="System Log Test" id="s1-s1" pass="2" fail="0" skip="0">System Log Test.System Log Test</stat>
</suite>
</statistics>
<errors>
</errors>
</robot>
